[debug] [2023-03-30T20:33:49.056Z] ----------------------------------------------------------------------
[debug] [2023-03-30T20:33:49.058Z] Command:       C:\Program Files\nodejs\node.exe C:\Program Files\nodejs\node_modules\firebase-tools\lib\bin\firebase.js init
[debug] [2023-03-30T20:33:49.059Z] CLI Version:   11.25.2
[debug] [2023-03-30T20:33:49.059Z] Platform:      win32
[debug] [2023-03-30T20:33:49.059Z] Node Version:  v16.16.0
[debug] [2023-03-30T20:33:49.060Z] Time:          Fri Mar 31 2023 01:33:49 GMT+0500 (Pakistan Standard Time)
[debug] [2023-03-30T20:33:49.060Z] ----------------------------------------------------------------------
[debug] 
[debug] [2023-03-30T20:33:49.142Z] > command requires scopes: ["email","openid","https://www.googleapis.com/auth/cloudplatformprojects.readonly","https://www.googleapis.com/auth/firebase","https://www.googleapis.com/auth/cloud-platform"]
[debug] [2023-03-30T20:33:49.142Z] > authorizing via signed-in user (mynameismuzammilhussainshah@gmail.com)
[info] 
     ######## #### ########  ######## ########     ###     ######  ########
     ##        ##  ##     ## ##       ##     ##  ##   ##  ##       ##
     ######    ##  ########  ######   ########  #########  ######  ######
     ##        ##  ##    ##  ##       ##     ## ##     ##       ## ##
     ##       #### ##     ## ######## ########  ##     ##  ######  ########

You're about to initialize a Firebase project in this directory:

  C:\Users\Muzammil\Desktop\eBuy\buy-one

Before we get started, keep in mind:

  * You are initializing within an existing Firebase project directory

